Checking directories ..... OK
Opening Database ..... OK
Creating DB conditional ..... OK
Starting to recurse the source directory ...
Recursing for extension doc*
David Francis_God in Fragments to a Holistic Vision of the Divine.docx -> 9e8e516bfa128c226de0ef5adf1ac794b41b0e3d208fc654214869ebf406ea70
Delta > 0 (new entry)
Generate dirs: C:\Users\Peregrin Took\Desktop\downloads\t1
Dear  Swamij.docx -> 6fcdf542ca63df50d8d2d851ba0eb58c3a0a6537e40b66b0edac1cb2d2e6624c
Delta > 0 (new entry)
Generate dirs: C:\Users\Peregrin Took\Desktop\downloads\t1
Dienberg Deutsch.docx -> 5815bb2e79a881ee9712282e9cf61b44faf565f06a98ab2ccc5daed39a32f5c8
Delta > 0 (new entry)
Generate dirs: C:\Users\Peregrin Took\Desktop\downloads\t1
KM_list__Address Germany_2012.docx -> 54e1b23c9e63d3ee0a00b5ab1be27eb0afe599b885ecc714abe26954d7e9ed90
Delta > 0 (new entry)
Generate dirs: C:\Users\Peregrin Took\Desktop\downloads\t1
PTH Symposium_Dienberg_Refund.docx -> 5c37ff0ef67c6d0649e3bb7978c864c61cd21fca0e86ff7c0642547462b9b78c
Delta > 0 (new entry)
Generate dirs: C:\Users\Peregrin Took\Desktop\downloads\t1
~$ff Uni Munster.docx -> bf4616d9a3479ef814af57341615dabb35bb3f32068fe0ccb6e98ea7cf58d536
Delta > 0 (new entry)
Generate dirs: C:\Users\Peregrin Took\Desktop\downloads\t1
~$H Symposium_Dienberg_Refund.docx -> 57a805437e0449ec829890b890ceb22a7a844f700f052baa42940d0cea22b10a
Delta > 0 (new entry)
Generate dirs: C:\Users\Peregrin Took\Desktop\downloads\t1
~$vid Francis_God in Fragments to a Holistic Vision of the Divine.docx -> 57a805437e0449ec829890b890ceb22a7a844f700f052baa42940d0cea22b10a
Delta > 0 (new entry)
Generate dirs: C:\Users\Peregrin Took\Desktop\downloads\t1
Munster_Scann_BOFF\boff book list.doc -> 984ff25c75ce48d1f50f8417cc06823e62ca530a34ecff203629e45c61cd0ee4
Delta > 0 (new entry)
Generate dirs: C:\Users\Peregrin Took\Desktop\downloads\t1\Munster_Scann_BOFF
Munster_Scann_BOFF\Boff Uni Munster.docx -> 6e7384cb48e9bdea0468a4e76fcb09f8a415515834f7664a84b7cd8dbe9a7863
Delta > 0 (new entry)
Generate dirs: C:\Users\Peregrin Took\Desktop\downloads\t1\Munster_Scann_BOFF
Munster_Scann_BOFF\Boff_Title and Singatur.docx -> 7656affd5bef09541f45f4b4d04462542358823a9171206a3bcd8959ab983a0c
Delta > 0 (new entry)
Generate dirs: C:\Users\Peregrin Took\Desktop\downloads\t1\Munster_Scann_BOFF
Popular Religion\Popular Catholicism.docx -> 4d66239de095f2547583d5510d1f4ee15002ff6ab223ab614dc3edab0d748516
Delta > 0 (new entry)
Generate dirs: C:\Users\Peregrin Took\Desktop\downloads\t1\Popular Religion
Power\Power.docx -> 0192513027f7db7030410dda9be655714045e2d4b4856e8b9cfdaac343669843
Delta > 0 (new entry)
Generate dirs: C:\Users\Peregrin Took\Desktop\downloads\t1\Power
Process Theology\God.docx -> 093e7ab5a73c50742910ecf680aa7fbad0980151f534731e7ec5e0c10dbdaf2c
Delta > 0 (new entry)
Generate dirs: C:\Users\Peregrin Took\Desktop\downloads\t1\Process Theology
Process Theology\~$God.docx -> 57a805437e0449ec829890b890ceb22a7a844f700f052baa42940d0cea22b10a
Delta > 0 (new entry)
Generate dirs: C:\Users\Peregrin Took\Desktop\downloads\t1\Process Theology
Public Theology\Public Theology.docx -> 51130ffc0e1407a636d0c2cafa833077c6031c07873e355507e8d3102fbef53b
Delta > 0 (new entry)
Generate dirs: C:\Users\Peregrin Took\Desktop\downloads\t1\Public Theology
Theology_Data_Muenster\Kingdom Of God.doc -> 372ad65a72bbf716c87684835fb4d01ddb5e4723b3999050280468f3fe4e45a9
Delta > 0 (new entry)
Generate dirs: C:\Users\Peregrin Took\Desktop\downloads\t1\Theology_Data_Muenster
Theology_Data_Muenster\Trinity-selfgivinggod.doc -> 21179f60b408b50483dbb977b3186da0aafd70e9e5a77a0fc09c3ec5b15db3e5
Delta > 0 (new entry)
Generate dirs: C:\Users\Peregrin Took\Desktop\downloads\t1\Theology_Data_Muenster
Theology_Data_Muenster\Fr. Sojan E Books. 2013\Bible E Books\books\books with me.docx -> 92750bdddb7ac36762856014c928d48847fbf8454dec943d62ba92cee9988819
Delta > 0 (new entry)
Generate dirs: C:\Users\Peregrin Took\Desktop\downloads\t1\Theology_Data_Muenster\Fr. Sojan E Books. 2013\Bible E Books\books
Recursing for extension rtf
Backup Complete ...


4/9/2014 9:14:15 AM
